2018-08-28 14:28:42.329 DEBUG   --- [           main] kr.co.bluezine.Application               : ---------> Stating...
2018-08-28 14:28:42.850 DEBUG 7868 --- [kground-preinit] .h.v.m.ResourceBundleMessageInterpolator : Loaded expression factory via original TCCL
2018-08-28 14:28:42.860  INFO 7868 --- [           main] kr.co.bluezine.Application               : Starting Application on WDEITMIL1-08017 with PID 7868 (C:\Users\fviscomi\workspaceEsempi\mybatis\target\classes started by fviscomi in C:\Users\fviscomi\workspaceEsempi\mybatis)
2018-08-28 14:28:42.860 DEBUG 7868 --- [           main] kr.co.bluezine.Application               : Running with Spring Boot v2.0.3.RELEASE, Spring v5.0.7.RELEASE
2018-08-28 14:28:42.860  INFO 7868 --- [           main] kr.co.bluezine.Application               : No active profile set, falling back to default profiles: default
2018-08-28 14:28:42.880 DEBUG 7868 --- [kground-preinit] o.h.v.i.engine.ValidatorFactoryImpl      : HV000234: Using org.hibernate.validator.messageinterpolation.ResourceBundleMessageInterpolator as ValidatorFactory-scoped message interpolator.
2018-08-28 14:28:42.880 DEBUG 7868 --- [kground-preinit] o.h.v.i.engine.ValidatorFactoryImpl      : HV000234: Using org.hibernate.validator.internal.engine.resolver.TraverseAllTraversableResolver as ValidatorFactory-scoped traversable resolver.
2018-08-28 14:28:42.880 DEBUG 7868 --- [kground-preinit] o.h.v.i.engine.ValidatorFactoryImpl      : HV000234: Using org.hibernate.validator.internal.util.ExecutableParameterNameProvider as ValidatorFactory-scoped parameter name provider.
2018-08-28 14:28:42.880 DEBUG 7868 --- [kground-preinit] o.h.v.i.engine.ValidatorFactoryImpl      : HV000234: Using org.hibernate.validator.internal.engine.DefaultClockProvider as ValidatorFactory-scoped clock provider.
2018-08-28 14:28:42.880 DEBUG 7868 --- [kground-preinit] o.h.v.i.engine.ValidatorFactoryImpl      : HV000234: Using org.hibernate.validator.internal.engine.scripting.DefaultScriptEvaluatorFactory as ValidatorFactory-scoped script evaluator factory.
2018-08-28 14:28:42.943  INFO 7868 --- [           main] ConfigServletWebServerApplicationContext : Refreshing org.springframework.boot.web.servlet.context.AnnotationConfigServletWebServerApplicationContext@6ef888f6: startup date [Tue Aug 28 14:28:42 CEST 2018]; root of context hierarchy
2018-08-28 14:28:43.487 DEBUG 7868 --- [           main] o.m.s.mapper.ClassPathMapperScanner      : Identified candidate component class: file [C:\Users\fviscomi\workspaceEsempi\mybatis\target\classes\kr\co\bluezine\mapper\SugangMapper.class]
2018-08-28 14:28:43.487 DEBUG 7868 --- [           main] o.m.s.mapper.ClassPathMapperScanner      : Creating MapperFactoryBean with name 'sugangMapper' and 'kr.co.bluezine.mapper.SugangMapper' mapperInterface
2018-08-28 14:28:43.496 DEBUG 7868 --- [           main] o.m.s.mapper.ClassPathMapperScanner      : Enabling autowire by type for MapperFactoryBean with name 'sugangMapper'.
2018-08-28 14:28:43.507 DEBUG 7868 --- [           main] o.m.s.mapper.ClassPathMapperScanner      : Identified candidate component class: file [C:\Users\fviscomi\workspaceEsempi\mybatis\target\classes\kr\co\bluezine\mapper\SugangMapper.class]
2018-08-28 14:28:43.508  WARN 7868 --- [           main] o.m.s.mapper.ClassPathMapperScanner      : Skipping MapperFactoryBean with name 'sugangMapper' and 'kr.co.bluezine.mapper.SugangMapper' mapperInterface. Bean already defined with the same name!
2018-08-28 14:28:43.509  WARN 7868 --- [           main] o.m.s.mapper.ClassPathMapperScanner      : No MyBatis mapper was found in '[kr.co.bluezine.mapper]' package. Please check your configuration.
2018-08-28 14:28:44.308  INFO 7868 --- [           main] o.s.b.w.embedded.tomcat.TomcatWebServer  : Tomcat initialized with port(s): 8080 (http)
2018-08-28 14:28:44.309  INFO 7868 --- [           main] o.a.coyote.http11.Http11NioProtocol      : Initializing ProtocolHandler ["http-nio-8080"]
2018-08-28 14:28:44.318  INFO 7868 --- [           main] o.apache.catalina.core.StandardService   : Starting service [Tomcat]
2018-08-28 14:28:44.318  INFO 7868 --- [           main] org.apache.catalina.core.StandardEngine  : Starting Servlet Engine: Apache Tomcat/8.5.31
2018-08-28 14:28:44.339  INFO 7868 --- [ost-startStop-1] o.a.catalina.core.AprLifecycleListener   : The APR based Apache Tomcat Native library which allows optimal performance in production environments was not found on the java.library.path: [C:\jdk1_8\tools\bin;C:\Windows\Sun\Java\bin;C:\Windows\system32;C:\Windows;D:\app\oracle\product\11.2.0\client_1\bin;D:\kiwi;C:\Program Files (x86)\Intel\iCLS Client\;C:\Program Files\Intel\iCLS Client\;C:\Windows\system32;C:\Windows;C:\Windows\System32\Wbem;C:\Windows\System32\WindowsPowerShell\v1.0\;C:\Program Files\Intel\Intel(R) Management Engine Components\DAL;C:\Program Files\Intel\Intel(R) Management Engine Components\IPT;C:\Program Files (x86)\Intel\Intel(R) Management Engine Components\DAL;C:\Program Files (x86)\Intel\Intel(R) Management Engine Components\IPT;C:\Program Files (x86)\CDC Software\PivotalClient\PivotalClient.PerMachine\exe\bin\Standard;C:\Program Files\TortoiseSVN\bin;D:\app\oracle\product\11.2.0\client_1\bin;D:\kiwi;C:\Program Files (x86)\Intel\iCLS Client\;C:\Program Files\Intel\iCLS Client\;C:\Windows\system32;C:\Windows;C:\Windows\System32\Wbem;C:\Windows\System32\WindowsPowerShell\v1.0\;C:\Program Files\Intel\Intel(R) Management Engine Components\DAL;C:\Program Files\Intel\Intel(R) Management Engine Components\IPT;C:\Program Files (x86)\Intel\Intel(R) Management Engine Components\DAL;C:\Program Files (x86)\Intel\Intel(R) Management Engine Components\IPT;C:\Program Files (x86)\CDC Software\PivotalClient\PivotalClient.PerMachine\exe\bin\Standard;C:\Program Files\TortoiseSVN\bin;C:\sw\apache-maven-3.5.0\bin;C:\Users\fviscomi\AppData\Local\Programs\Git\cmd;.]
2018-08-28 14:28:44.419  INFO 7868 --- [ost-startStop-1] o.a.c.c.C.[Tomcat].[localhost].[/]       : Initializing Spring embedded WebApplicationContext
2018-08-28 14:28:44.419  INFO 7868 --- [ost-startStop-1] o.s.web.context.ContextLoader            : Root WebApplicationContext: initialization completed in 1476 ms
2018-08-28 14:28:44.549  INFO 7868 --- [ost-startStop-1] o.s.b.w.servlet.ServletRegistrationBean  : Servlet dispatcherServlet mapped to [/]
2018-08-28 14:28:44.549  INFO 7868 --- [ost-startStop-1] o.s.b.w.servlet.FilterRegistrationBean   : Mapping filter: 'characterEncodingFilter' to: [/*]
2018-08-28 14:28:44.549  INFO 7868 --- [ost-startStop-1] o.s.b.w.servlet.FilterRegistrationBean   : Mapping filter: 'hiddenHttpMethodFilter' to: [/*]
2018-08-28 14:28:44.549  INFO 7868 --- [ost-startStop-1] o.s.b.w.servlet.FilterRegistrationBean   : Mapping filter: 'httpPutFormContentFilter' to: [/*]
2018-08-28 14:28:44.549  INFO 7868 --- [ost-startStop-1] o.s.b.w.servlet.FilterRegistrationBean   : Mapping filter: 'requestContextFilter' to: [/*]
2018-08-28 14:28:44.609 DEBUG 7868 --- [           main] k.c.b.c.MybatisConfiguration             : ---------> Set BoneCP Data Pool
2018-08-28 14:28:44.689 DEBUG 7868 --- [           main] k.c.b.c.MybatisConfiguration             : ---------> Set SqlSessionFactory
2018-08-28 14:28:44.689 DEBUG 7868 --- [           main] org.apache.ibatis.logging.LogFactory     : Logging initialized using 'class org.apache.ibatis.logging.slf4j.Slf4jImpl' adapter.
2018-08-28 14:28:44.699 DEBUG 7868 --- [           main] o.mybatis.spring.SqlSessionFactoryBean   : Property 'configuration' or 'configLocation' not specified, using default MyBatis Configuration
2018-08-28 14:28:44.749 DEBUG 7868 --- [           main] o.mybatis.spring.SqlSessionFactoryBean   : Property 'mapperLocations' was not specified or no matching resources found
2018-08-28 14:28:44.749 DEBUG 7868 --- [           main] k.c.b.c.MybatisConfiguration             : ---------> Set SqlSessionTemplate
2018-08-28 14:28:44.969 DEBUG 7868 --- [           main] o.h.v.i.e.resolver.TraversableResolvers  : Cannot find javax.persistence.Persistence on classpath. Assuming non JPA 2 environment. All properties will per default be traversable.
2018-08-28 14:28:44.969 DEBUG 7868 --- [           main] .h.v.m.ResourceBundleMessageInterpolator : Loaded expression factory via original TCCL
2018-08-28 14:28:44.979 DEBUG 7868 --- [           main] o.h.v.i.e.resolver.TraversableResolvers  : Cannot find javax.persistence.Persistence on classpath. Assuming non JPA 2 environment. All properties will per default be traversable.
2018-08-28 14:28:44.979 DEBUG 7868 --- [           main] o.h.v.internal.engine.ConfigurationImpl  : Setting custom MessageInterpolator of type org.springframework.validation.beanvalidation.LocaleContextMessageInterpolator
2018-08-28 14:28:44.979 DEBUG 7868 --- [           main] o.h.v.internal.engine.ConfigurationImpl  : Setting custom ConstraintValidatorFactory of type org.springframework.validation.beanvalidation.SpringConstraintValidatorFactory
2018-08-28 14:28:44.979 DEBUG 7868 --- [           main] o.h.v.internal.engine.ConfigurationImpl  : Setting custom ParameterNameProvider of type org.springframework.validation.beanvalidation.LocalValidatorFactoryBean$1
2018-08-28 14:28:44.979 DEBUG 7868 --- [           main] o.h.v.internal.xml.ValidationXmlParser   : Trying to load META-INF/validation.xml for XML based Validator configuration.
2018-08-28 14:28:44.979 DEBUG 7868 --- [           main] o.h.v.internal.xml.ResourceLoaderHelper  : Trying to load META-INF/validation.xml via user class loader
2018-08-28 14:28:44.979 DEBUG 7868 --- [           main] o.h.v.internal.xml.ResourceLoaderHelper  : Trying to load META-INF/validation.xml via TCCL
2018-08-28 14:28:44.989 DEBUG 7868 --- [           main] o.h.v.internal.xml.ResourceLoaderHelper  : Trying to load META-INF/validation.xml via Hibernate Validator's class loader
2018-08-28 14:28:44.989 DEBUG 7868 --- [           main] o.h.v.internal.xml.ValidationXmlParser   : No META-INF/validation.xml found. Using annotation based configuration only.
2018-08-28 14:28:44.989 DEBUG 7868 --- [           main] o.h.v.i.engine.ValidatorFactoryImpl      : HV000234: Using org.springframework.validation.beanvalidation.LocaleContextMessageInterpolator as ValidatorFactory-scoped message interpolator.
2018-08-28 14:28:44.989 DEBUG 7868 --- [           main] o.h.v.i.engine.ValidatorFactoryImpl      : HV000234: Using org.hibernate.validator.internal.engine.resolver.TraverseAllTraversableResolver as ValidatorFactory-scoped traversable resolver.
2018-08-28 14:28:44.989 DEBUG 7868 --- [           main] o.h.v.i.engine.ValidatorFactoryImpl      : HV000234: Using org.hibernate.validator.internal.util.ExecutableParameterNameProvider as ValidatorFactory-scoped parameter name provider.
2018-08-28 14:28:44.989 DEBUG 7868 --- [           main] o.h.v.i.engine.ValidatorFactoryImpl      : HV000234: Using org.hibernate.validator.internal.engine.DefaultClockProvider as ValidatorFactory-scoped clock provider.
2018-08-28 14:28:44.989 DEBUG 7868 --- [           main] o.h.v.i.engine.ValidatorFactoryImpl      : HV000234: Using org.hibernate.validator.internal.engine.scripting.DefaultScriptEvaluatorFactory as ValidatorFactory-scoped script evaluator factory.
2018-08-28 14:28:45.049  INFO 7868 --- [           main] o.s.w.s.handler.SimpleUrlHandlerMapping  : Mapped URL path [/**/favicon.ico] onto handler of type [class org.springframework.web.servlet.resource.ResourceHttpRequestHandler]
2018-08-28 14:28:45.219  INFO 7868 --- [           main] s.w.s.m.m.a.RequestMappingHandlerAdapter : Looking for @ControllerAdvice: org.springframework.boot.web.servlet.context.AnnotationConfigServletWebServerApplicationContext@6ef888f6: startup date [Tue Aug 28 14:28:42 CEST 2018]; root of context hierarchy
2018-08-28 14:28:45.289  INFO 7868 --- [           main] s.w.s.m.m.a.RequestMappingHandlerMapping : Mapped "{[/error]}" onto public org.springframework.http.ResponseEntity<java.util.Map<java.lang.String, java.lang.Object>> org.springframework.boot.autoconfigure.web.servlet.error.BasicErrorController.error(javax.servlet.http.HttpServletRequest)
2018-08-28 14:28:45.289  INFO 7868 --- [           main] s.w.s.m.m.a.RequestMappingHandlerMapping : Mapped "{[/error],produces=[text/html]}" onto public org.springframework.web.servlet.ModelAndView org.springframework.boot.autoconfigure.web.servlet.error.BasicErrorController.errorHtml(javax.servlet.http.HttpServletRequest,javax.servlet.http.HttpServletResponse)
2018-08-28 14:28:45.311  INFO 7868 --- [           main] o.s.w.s.handler.SimpleUrlHandlerMapping  : Mapped URL path [/webjars/**] onto handler of type [class org.springframework.web.servlet.resource.ResourceHttpRequestHandler]
2018-08-28 14:28:45.312  INFO 7868 --- [           main] o.s.w.s.handler.SimpleUrlHandlerMapping  : Mapped URL path [/**] onto handler of type [class org.springframework.web.servlet.resource.ResourceHttpRequestHandler]
2018-08-28 14:28:45.561  INFO 7868 --- [           main] o.s.j.e.a.AnnotationMBeanExporter        : Registering beans for JMX exposure on startup
2018-08-28 14:28:45.561  INFO 7868 --- [           main] o.s.j.e.a.AnnotationMBeanExporter        : Bean with name 'dataSource' has been autodetected for JMX exposure
2018-08-28 14:28:45.561  INFO 7868 --- [           main] o.s.j.e.a.AnnotationMBeanExporter        : Located MBean 'dataSource': registering with JMX server as MBean [com.jolbox.bonecp:name=dataSource,type=BoneCPDataSource]
2018-08-28 14:28:45.581  INFO 7868 --- [           main] o.a.coyote.http11.Http11NioProtocol      : Starting ProtocolHandler ["http-nio-8080"]
2018-08-28 14:28:45.591  INFO 7868 --- [           main] o.a.tomcat.util.net.NioSelectorPool      : Using a shared selector for servlet write/read
2018-08-28 14:28:45.611  INFO 7868 --- [           main] o.s.b.w.embedded.tomcat.TomcatWebServer  : Tomcat started on port(s): 8080 (http) with context path ''
2018-08-28 14:28:45.611  INFO 7868 --- [           main] kr.co.bluezine.Application               : Started Application in 3.052 seconds (JVM running for 3.675)
2018-08-28 14:28:45.611 DEBUG 7868 --- [           main] kr.co.bluezine.Application               : ---------> Command Line start
2018-08-28 14:28:45.611 DEBUG 7868 --- [           main] kr.co.bluezine.Application               : ---------> Service before
2018-08-28 14:28:45.641 DEBUG 7868 --- [           main] org.mybatis.spring.SqlSessionUtils       : Creating a new SqlSession
2018-08-28 14:28:45.641 DEBUG 7868 --- [           main] org.mybatis.spring.SqlSessionUtils       : SqlSession [org.apache.ibatis.session.defaults.DefaultSqlSession@de88ac6] was not registered for synchronization because synchronization is not active
2018-08-28 14:28:45.681 DEBUG 7868 --- [           main] com.jolbox.bonecp.BoneCPDataSource       : JDBC URL = jdbc:oracle:thin:@CLOUD.svr.it.priv:4081/DEVWEB, Username = flexben, partitions = 1, max (per partition) = 0, min (per partition) = 0, helper threads = 3, idle max age = 60 min, idle test period = 240 min, strategy = DEFAULT
2018-08-28 14:28:45.681  WARN 7868 --- [           main] com.jolbox.bonecp.BoneCPConfig           : Max Connections < 1. Setting to 20
2018-08-28 14:28:47.581 DEBUG 7868 --- [           main] o.m.s.t.SpringManagedTransaction         : JDBC Connection [com.jolbox.bonecp.ConnectionHandle@30a7c98f] will not be managed by Spring
2018-08-28 14:28:47.582 DEBUG 7868 --- [           main] k.c.b.mapper.SugangMapper.courseMyList   : ==>  Preparing: { ? = call fca_pkg_viscomi.GETMYLIST() } 
2018-08-28 14:28:47.786 DEBUG 7868 --- [           main] k.c.b.mapper.SugangMapper.courseMyList   : ==> Parameters: null
2018-08-28 14:28:47.876 DEBUG 7868 --- [           main] o.m.s.t.SpringManagedTransaction         : Committing JDBC Connection [com.jolbox.bonecp.ConnectionHandle@30a7c98f]
2018-08-28 14:28:47.926 DEBUG 7868 --- [           main] org.mybatis.spring.SqlSessionUtils       : Closing non transactional SqlSession [org.apache.ibatis.session.defaults.DefaultSqlSession@de88ac6]
2018-08-28 14:28:47.936 DEBUG 7868 --- [           main] kr.co.bluezine.Application               : pippo
2018-08-28 14:28:47.936 DEBUG 7868 --- [           main] kr.co.bluezine.Application               : ---------> Success!
